Debug level [3]: Connection: opening to smtp.gmail.com:587, timeout=300, options=array (
  'ssl' => 
  array (
    'verify_peer' => false,
    'verify_peer_name' => false,
    'allow_self_signed' => true,
  ),
)
Debug level [3]: Connection: opened
Debug level [2]: SERVER -> CLIENT: 220 smtp.gmail.com ESMTP a640c23a62f3a-aa5996c1408sm602675866b.15 - gsmtp

Debug level [1]: CLIENT -> SERVER: EHLO localhost

Debug level [2]: SERVER -> CLIENT: 250-smtp.gmail.com at your service, [164.8.206.88]
250-SIZE 35882577
250-8BITMIME
250-STARTTLS
250-ENHANCEDSTATUSCODES
250-PIPELINING
250 SMTPUTF8

Debug level [1]: CLIENT -> SERVER: STARTTLS

Debug level [2]: SERVER -> CLIENT: 220 2.0.0 Ready to start TLS

Debug level [1]: CLIENT -> SERVER: EHLO localhost

Debug level [2]: SERVER -> CLIENT: 250-smtp.gmail.com at your service, [164.8.206.88]
250-SIZE 35882577
250-8BITMIME
250-AUTH LOGIN PLAIN XOAUTH2 PLAIN-CLIENTTOKEN OAUTHBEARER XOAUTH
250-ENHANCEDSTATUSCODES
250-PIPELINING
250 SMTPUTF8

Debug level [1]: CLIENT -> SERVER: AUTH LOGIN

Debug level [2]: SERVER -> CLIENT: 334 VXNlcm5hbWU6

Debug level [1]: CLIENT -> SERVER: [credentials hidden]
Debug level [2]: SERVER -> CLIENT: 334 UGFzc3dvcmQ6

Debug level [1]: CLIENT -> SERVER: [credentials hidden]
Debug level [2]: SERVER -> CLIENT: 235 2.7.0 Accepted

Debug level [1]: CLIENT -> SERVER: MAIL FROM:<kodric558@gmail.com>

Debug level [2]: SERVER -> CLIENT: 250 2.1.0 OK a640c23a62f3a-aa5996c1408sm602675866b.15 - gsmtp

Debug level [1]: CLIENT -> SERVER: RCPT TO:<carluka333@gmail.com>

Debug level [2]: SERVER -> CLIENT: 250 2.1.5 OK a640c23a62f3a-aa5996c1408sm602675866b.15 - gsmtp

Debug level [1]: CLIENT -> SERVER: DATA

Debug level [2]: SERVER -> CLIENT: 354 Go ahead a640c23a62f3a-aa5996c1408sm602675866b.15 - gsmtp

Debug level [1]: CLIENT -> SERVER: Date: Tue, 3 Dec 2024 11:57:05 +0000

Debug level [1]: CLIENT -> SERVER: To: Luka car <carluka333@gmail.com>

Debug level [1]: CLIENT -> SERVER: From: SOD <kodric558@gmail.com>

Debug level [1]: CLIENT -> SERVER: Subject: Uspesna registracija

Debug level [1]: CLIENT -> SERVER: Message-ID: <6yF7LKDFKlM6y6GPGLHiUBRVdstOQCWXGZBc496oO0@localhost>

Debug level [1]: CLIENT -> SERVER: X-Mailer: PHPMailer 6.9.3 (https://github.com/PHPMailer/PHPMailer)

Debug level [1]: CLIENT -> SERVER: MIME-Version: 1.0

Debug level [1]: CLIENT -> SERVER: Content-Type: multipart/alternative;

Debug level [1]: CLIENT -> SERVER:  boundary="b1=_6yF7LKDFKlM6y6GPGLHiUBRVdstOQCWXGZBc496oO0"

Debug level [1]: CLIENT -> SERVER: Content-Transfer-Encoding: 8bit

Debug level [1]: CLIENT -> SERVER: 

Debug level [1]: CLIENT -> SERVER: --b1=_6yF7LKDFKlM6y6GPGLHiUBRVdstOQCWXGZBc496oO0

Debug level [1]: CLIENT -> SERVER: Content-Type: text/plain; charset=us-ascii

Debug level [1]: CLIENT -> SERVER: 

Debug level [1]: CLIENT -> SERVER: Luka car, Uspesna registracija

Debug level [1]: CLIENT -> SERVER: 

Debug level [1]: CLIENT -> SERVER: --b1=_6yF7LKDFKlM6y6GPGLHiUBRVdstOQCWXGZBc496oO0

Debug level [1]: CLIENT -> SERVER: Content-Type: text/html; charset=us-ascii

Debug level [1]: CLIENT -> SERVER: 

Debug level [1]: CLIENT -> SERVER: 

Debug level [1]: CLIENT -> SERVER:                 <p>Luka car</p>

Debug level [1]: CLIENT -> SERVER:                 <p>Uspesna registracija</p>

Debug level [1]: CLIENT -> SERVER:                 <p>Hvala za uporabljanje moje precufovite aplikacije</p>

Debug level [1]: CLIENT -> SERVER:                 <p>Wow kako je lepa</p>

Debug level [1]: CLIENT -> SERVER: 

Debug level [1]: CLIENT -> SERVER:             

Debug level [1]: CLIENT -> SERVER: 

Debug level [1]: CLIENT -> SERVER: 

Debug level [1]: CLIENT -> SERVER: --b1=_6yF7LKDFKlM6y6GPGLHiUBRVdstOQCWXGZBc496oO0--

Debug level [1]: CLIENT -> SERVER: 

Debug level [1]: CLIENT -> SERVER: .

Debug level [2]: SERVER -> CLIENT: 250 2.0.0 OK  1733227026 a640c23a62f3a-aa5996c1408sm602675866b.15 - gsmtp

Debug level [1]: CLIENT -> SERVER: QUIT

Debug level [2]: SERVER -> CLIENT: 221 2.0.0 closing connection a640c23a62f3a-aa5996c1408sm602675866b.15 - gsmtp

Debug level [3]: Connection: closed
Debug level [3]: Connection: opening to smtp.gmail.com:587, timeout=300, options=array (
  'ssl' => 
  array (
    'verify_peer' => false,
    'verify_peer_name' => false,
    'allow_self_signed' => true,
  ),
)
Debug level [3]: Connection: opened
Debug level [2]: SERVER -> CLIENT: 220 smtp.gmail.com ESMTP a640c23a62f3a-aa5997fcf5bsm608661866b.84 - gsmtp

Debug level [1]: CLIENT -> SERVER: EHLO localhost

Debug level [2]: SERVER -> CLIENT: 250-smtp.gmail.com at your service, [164.8.206.88]
250-SIZE 35882577
250-8BITMIME
250-STARTTLS
250-ENHANCEDSTATUSCODES
250-PIPELINING
250 SMTPUTF8

Debug level [1]: CLIENT -> SERVER: STARTTLS

Debug level [2]: SERVER -> CLIENT: 220 2.0.0 Ready to start TLS

Debug level [1]: CLIENT -> SERVER: EHLO localhost

Debug level [2]: SERVER -> CLIENT: 250-smtp.gmail.com at your service, [164.8.206.88]
250-SIZE 35882577
250-8BITMIME
250-AUTH LOGIN PLAIN XOAUTH2 PLAIN-CLIENTTOKEN OAUTHBEARER XOAUTH
250-ENHANCEDSTATUSCODES
250-PIPELINING
250 SMTPUTF8

Debug level [1]: CLIENT -> SERVER: AUTH LOGIN

Debug level [2]: SERVER -> CLIENT: 334 VXNlcm5hbWU6

Debug level [1]: CLIENT -> SERVER: [credentials hidden]
Debug level [2]: SERVER -> CLIENT: 334 UGFzc3dvcmQ6

Debug level [1]: CLIENT -> SERVER: [credentials hidden]
Debug level [2]: SERVER -> CLIENT: 235 2.7.0 Accepted

Debug level [1]: CLIENT -> SERVER: MAIL FROM:<kodric558@gmail.com>

Debug level [2]: SERVER -> CLIENT: 250 2.1.0 OK a640c23a62f3a-aa5997fcf5bsm608661866b.84 - gsmtp

Debug level [1]: CLIENT -> SERVER: RCPT TO:<carluka333@gmail.com>

Debug level [2]: SERVER -> CLIENT: 250 2.1.5 OK a640c23a62f3a-aa5997fcf5bsm608661866b.84 - gsmtp

Debug level [1]: CLIENT -> SERVER: DATA

Debug level [2]: SERVER -> CLIENT: 354 Go ahead a640c23a62f3a-aa5997fcf5bsm608661866b.84 - gsmtp

Debug level [1]: CLIENT -> SERVER: Date: Tue, 3 Dec 2024 11:58:44 +0000

Debug level [1]: CLIENT -> SERVER: To: Luka car <carluka333@gmail.com>

Debug level [1]: CLIENT -> SERVER: From: SOD <kodric558@gmail.com>

Debug level [1]: CLIENT -> SERVER: Subject: Uspesna registracija

Debug level [1]: CLIENT -> SERVER: Message-ID: <MzYqXjmia84Wctyxd0GSTZSjGjjN3TlguOnYw3j75lw@localhost>

Debug level [1]: CLIENT -> SERVER: X-Mailer: PHPMailer 6.9.3 (https://github.com/PHPMailer/PHPMailer)

Debug level [1]: CLIENT -> SERVER: MIME-Version: 1.0

Debug level [1]: CLIENT -> SERVER: Content-Type: multipart/alternative;

Debug level [1]: CLIENT -> SERVER:  boundary="b1=_MzYqXjmia84Wctyxd0GSTZSjGjjN3TlguOnYw3j75lw"

Debug level [1]: CLIENT -> SERVER: Content-Transfer-Encoding: 8bit

Debug level [1]: CLIENT -> SERVER: 

Debug level [1]: CLIENT -> SERVER: --b1=_MzYqXjmia84Wctyxd0GSTZSjGjjN3TlguOnYw3j75lw

Debug level [1]: CLIENT -> SERVER: Content-Type: text/plain; charset=us-ascii

Debug level [1]: CLIENT -> SERVER: 

Debug level [1]: CLIENT -> SERVER: Luka car, Uspesna registracija

Debug level [1]: CLIENT -> SERVER: 

Debug level [1]: CLIENT -> SERVER: --b1=_MzYqXjmia84Wctyxd0GSTZSjGjjN3TlguOnYw3j75lw

Debug level [1]: CLIENT -> SERVER: Content-Type: text/html; charset=us-ascii

Debug level [1]: CLIENT -> SERVER: 

Debug level [1]: CLIENT -> SERVER: 

Debug level [1]: CLIENT -> SERVER:                 <p>Luka car</p>

Debug level [1]: CLIENT -> SERVER:                 <p>Uspesna registracija</p>

Debug level [1]: CLIENT -> SERVER:                 <p>Hvala za uporabljanje moje precufovite aplikacije</p>

Debug level [1]: CLIENT -> SERVER:                 <p>Wow kako je lepa</p>

Debug level [1]: CLIENT -> SERVER: 

Debug level [1]: CLIENT -> SERVER:             

Debug level [1]: CLIENT -> SERVER: 

Debug level [1]: CLIENT -> SERVER: 

Debug level [1]: CLIENT -> SERVER: --b1=_MzYqXjmia84Wctyxd0GSTZSjGjjN3TlguOnYw3j75lw--

Debug level [1]: CLIENT -> SERVER: 

Debug level [1]: CLIENT -> SERVER: .

Debug level [2]: SERVER -> CLIENT: 250 2.0.0 OK  1733227125 a640c23a62f3a-aa5997fcf5bsm608661866b.84 - gsmtp

Debug level [1]: CLIENT -> SERVER: QUIT

Debug level [2]: SERVER -> CLIENT: 221 2.0.0 closing connection a640c23a62f3a-aa5997fcf5bsm608661866b.84 - gsmtp

Debug level [3]: Connection: closed
Debug level [3]: Connection: opening to smtp.gmail.com:587, timeout=300, options=array (
  'ssl' => 
  array (
    'verify_peer' => false,
    'verify_peer_name' => false,
    'allow_self_signed' => true,
  ),
)
Debug level [3]: Connection: opened
Debug level [2]: SERVER -> CLIENT: 220 smtp.gmail.com ESMTP a640c23a62f3a-aa5998e6368sm603548366b.118 - gsmtp

Debug level [1]: CLIENT -> SERVER: EHLO localhost

Debug level [2]: SERVER -> CLIENT: 250-smtp.gmail.com at your service, [164.8.206.88]
250-SIZE 35882577
250-8BITMIME
250-STARTTLS
250-ENHANCEDSTATUSCODES
250-PIPELINING
250 SMTPUTF8

Debug level [1]: CLIENT -> SERVER: STARTTLS

Debug level [2]: SERVER -> CLIENT: 220 2.0.0 Ready to start TLS

Debug level [1]: CLIENT -> SERVER: EHLO localhost

Debug level [2]: SERVER -> CLIENT: 250-smtp.gmail.com at your service, [164.8.206.88]
250-SIZE 35882577
250-8BITMIME
250-AUTH LOGIN PLAIN XOAUTH2 PLAIN-CLIENTTOKEN OAUTHBEARER XOAUTH
250-ENHANCEDSTATUSCODES
250-PIPELINING
250 SMTPUTF8

Debug level [1]: CLIENT -> SERVER: AUTH LOGIN

Debug level [2]: SERVER -> CLIENT: 334 VXNlcm5hbWU6

Debug level [1]: CLIENT -> SERVER: [credentials hidden]
Debug level [2]: SERVER -> CLIENT: 334 UGFzc3dvcmQ6

Debug level [1]: CLIENT -> SERVER: [credentials hidden]
Debug level [2]: SERVER -> CLIENT: 235 2.7.0 Accepted

Debug level [1]: CLIENT -> SERVER: MAIL FROM:<kodric558@gmail.com>

Debug level [2]: SERVER -> CLIENT: 250 2.1.0 OK a640c23a62f3a-aa5998e6368sm603548366b.118 - gsmtp

Debug level [1]: CLIENT -> SERVER: RCPT TO:<carluka33@gmail.com>

Debug level [2]: SERVER -> CLIENT: 250 2.1.5 OK a640c23a62f3a-aa5998e6368sm603548366b.118 - gsmtp

Debug level [1]: CLIENT -> SERVER: DATA

Debug level [2]: SERVER -> CLIENT: 354 Go ahead a640c23a62f3a-aa5998e6368sm603548366b.118 - gsmtp

Debug level [1]: CLIENT -> SERVER: Date: Tue, 3 Dec 2024 12:00:04 +0000

Debug level [1]: CLIENT -> SERVER: To: Luka car <carluka33@gmail.com>

Debug level [1]: CLIENT -> SERVER: From: SOD <kodric558@gmail.com>

Debug level [1]: CLIENT -> SERVER: Subject: Uspesna registracija

Debug level [1]: CLIENT -> SERVER: Message-ID: <wWQ7AXvluTFLvrmYzynh23tY6uQ7TEDECy3jyecg@localhost>

Debug level [1]: CLIENT -> SERVER: X-Mailer: PHPMailer 6.9.3 (https://github.com/PHPMailer/PHPMailer)

Debug level [1]: CLIENT -> SERVER: MIME-Version: 1.0

Debug level [1]: CLIENT -> SERVER: Content-Type: multipart/alternative;

Debug level [1]: CLIENT -> SERVER:  boundary="b1=_wWQ7AXvluTFLvrmYzynh23tY6uQ7TEDECy3jyecg"

Debug level [1]: CLIENT -> SERVER: Content-Transfer-Encoding: 8bit

Debug level [1]: CLIENT -> SERVER: 

Debug level [1]: CLIENT -> SERVER: --b1=_wWQ7AXvluTFLvrmYzynh23tY6uQ7TEDECy3jyecg

Debug level [1]: CLIENT -> SERVER: Content-Type: text/plain; charset=us-ascii

Debug level [1]: CLIENT -> SERVER: 

Debug level [1]: CLIENT -> SERVER: Luka car, Uspesna registracija

Debug level [1]: CLIENT -> SERVER: 

Debug level [1]: CLIENT -> SERVER: --b1=_wWQ7AXvluTFLvrmYzynh23tY6uQ7TEDECy3jyecg

Debug level [1]: CLIENT -> SERVER: Content-Type: text/html; charset=us-ascii

Debug level [1]: CLIENT -> SERVER: 

Debug level [1]: CLIENT -> SERVER: 

Debug level [1]: CLIENT -> SERVER:                 <p>Luka car</p>

Debug level [1]: CLIENT -> SERVER:                 <p>Uspesna registracija</p>

Debug level [1]: CLIENT -> SERVER:                 <p>Hvala za uporabljanje moje precufovite aplikacije</p>

Debug level [1]: CLIENT -> SERVER:                 <p>Wow kako je lepa</p>

Debug level [1]: CLIENT -> SERVER: 

Debug level [1]: CLIENT -> SERVER:             

Debug level [1]: CLIENT -> SERVER: 

Debug level [1]: CLIENT -> SERVER: 

Debug level [1]: CLIENT -> SERVER: --b1=_wWQ7AXvluTFLvrmYzynh23tY6uQ7TEDECy3jyecg--

Debug level [1]: CLIENT -> SERVER: 

Debug level [1]: CLIENT -> SERVER: .

Debug level [2]: SERVER -> CLIENT: 250 2.0.0 OK  1733227204 a640c23a62f3a-aa5998e6368sm603548366b.118 - gsmtp

Debug level [1]: CLIENT -> SERVER: QUIT

Debug level [2]: SERVER -> CLIENT: 221 2.0.0 closing connection a640c23a62f3a-aa5998e6368sm603548366b.118 - gsmtp

Debug level [3]: Connection: closed
Debug level [3]: Connection: opening to smtp.gmail.com:587, timeout=300, options=array (
  'ssl' => 
  array (
    'verify_peer' => false,
    'verify_peer_name' => false,
    'allow_self_signed' => true,
  ),
)
Debug level [3]: Connection: opened
Debug level [2]: SERVER -> CLIENT: 220 smtp.gmail.com ESMTP a640c23a62f3a-aa5998e63a2sm606495366b.113 - gsmtp

Debug level [1]: CLIENT -> SERVER: EHLO localhost

Debug level [2]: SERVER -> CLIENT: 250-smtp.gmail.com at your service, [164.8.206.88]
250-SIZE 35882577
250-8BITMIME
250-STARTTLS
250-ENHANCEDSTATUSCODES
250-PIPELINING
250 SMTPUTF8

Debug level [1]: CLIENT -> SERVER: STARTTLS

Debug level [2]: SERVER -> CLIENT: 220 2.0.0 Ready to start TLS

Debug level [1]: CLIENT -> SERVER: EHLO localhost

Debug level [2]: SERVER -> CLIENT: 250-smtp.gmail.com at your service, [164.8.206.88]
250-SIZE 35882577
250-8BITMIME
250-AUTH LOGIN PLAIN XOAUTH2 PLAIN-CLIENTTOKEN OAUTHBEARER XOAUTH
250-ENHANCEDSTATUSCODES
250-PIPELINING
250 SMTPUTF8

Debug level [1]: CLIENT -> SERVER: AUTH LOGIN

Debug level [2]: SERVER -> CLIENT: 334 VXNlcm5hbWU6

Debug level [1]: CLIENT -> SERVER: [credentials hidden]
Debug level [2]: SERVER -> CLIENT: 334 UGFzc3dvcmQ6

Debug level [1]: CLIENT -> SERVER: [credentials hidden]
Debug level [2]: SERVER -> CLIENT: 235 2.7.0 Accepted

Debug level [1]: CLIENT -> SERVER: MAIL FROM:<seznamOpravil@so.si>

Debug level [2]: SERVER -> CLIENT: 250 2.1.0 OK a640c23a62f3a-aa5998e63a2sm606495366b.113 - gsmtp

Debug level [1]: CLIENT -> SERVER: RCPT TO:<carluka33@gmail.com>

Debug level [2]: SERVER -> CLIENT: 250 2.1.5 OK a640c23a62f3a-aa5998e63a2sm606495366b.113 - gsmtp

Debug level [1]: CLIENT -> SERVER: DATA

Debug level [2]: SERVER -> CLIENT: 354 Go ahead a640c23a62f3a-aa5998e63a2sm606495366b.113 - gsmtp

Debug level [1]: CLIENT -> SERVER: Date: Tue, 3 Dec 2024 12:15:06 +0000

Debug level [1]: CLIENT -> SERVER: To: janez novak <carluka33@gmail.com>

Debug level [1]: CLIENT -> SERVER: From: Seznam Opravil <seznamOpravil@so.si>

Debug level [1]: CLIENT -> SERVER: Subject: =?iso-8859-1?Q?Uspe=C5=A1na_registracija?=

Debug level [1]: CLIENT -> SERVER: Message-ID: <Zun5OZdQwI8bjjtLhbK8DOofwk8Q9UmQfpXBU6IpJg@localhost>

Debug level [1]: CLIENT -> SERVER: X-Mailer: PHPMailer 6.9.3 (https://github.com/PHPMailer/PHPMailer)

Debug level [1]: CLIENT -> SERVER: MIME-Version: 1.0

Debug level [1]: CLIENT -> SERVER: Content-Type: multipart/alternative;

Debug level [1]: CLIENT -> SERVER:  boundary="b1=_Zun5OZdQwI8bjjtLhbK8DOofwk8Q9UmQfpXBU6IpJg"

Debug level [1]: CLIENT -> SERVER: Content-Transfer-Encoding: 8bit

Debug level [1]: CLIENT -> SERVER: 

Debug level [1]: CLIENT -> SERVER: --b1=_Zun5OZdQwI8bjjtLhbK8DOofwk8Q9UmQfpXBU6IpJg

Debug level [1]: CLIENT -> SERVER: Content-Type: text/plain; charset=iso-8859-1

Debug level [1]: CLIENT -> SERVER: Content-Transfer-Encoding: 8bit

Debug level [1]: CLIENT -> SERVER: 

Debug level [1]: CLIENT -> SERVER: janez novak, Uspešna registracija

Debug level [1]: CLIENT -> SERVER: 

Debug level [1]: CLIENT -> SERVER: --b1=_Zun5OZdQwI8bjjtLhbK8DOofwk8Q9UmQfpXBU6IpJg

Debug level [1]: CLIENT -> SERVER: Content-Type: text/html; charset=iso-8859-1

Debug level [1]: CLIENT -> SERVER: Content-Transfer-Encoding: 8bit

Debug level [1]: CLIENT -> SERVER: 

Debug level [1]: CLIENT -> SERVER: 

Debug level [1]: CLIENT -> SERVER:                 <p>Spoštovani janez novak,</p>

Debug level [1]: CLIENT -> SERVER:                 <p>Vaša registracija v aplikacijo <strong>Seznam Opravil</strong> je bila uspešna.</p>

Debug level [1]: CLIENT -> SERVER:                 <p>Za dostop do aplikacije uporabite svoj e-poštni naslov in geslo, ki ste ga določili ob registraciji.</p>

Debug level [1]: CLIENT -> SERVER:                 <p>Če imate kakršna koli vprašanja ali potrebujete pomoč, nas lahko kontaktirate na <a href='mailto:support@so.si'>support@so.si</a>.</p>

Debug level [1]: CLIENT -> SERVER:                 <p>Hvala, ker ste se pridružili naši skupnosti!</p>

Debug level [1]: CLIENT -> SERVER: 

Debug level [1]: CLIENT -> SERVER:             

Debug level [1]: CLIENT -> SERVER: 

Debug level [1]: CLIENT -> SERVER: 

Debug level [1]: CLIENT -> SERVER: --b1=_Zun5OZdQwI8bjjtLhbK8DOofwk8Q9UmQfpXBU6IpJg--

Debug level [1]: CLIENT -> SERVER: 

Debug level [1]: CLIENT -> SERVER: .

Debug level [2]: SERVER -> CLIENT: 250 2.0.0 OK  1733228107 a640c23a62f3a-aa5998e63a2sm606495366b.113 - gsmtp

Debug level [1]: CLIENT -> SERVER: QUIT

Debug level [2]: SERVER -> CLIENT: 221 2.0.0 closing connection a640c23a62f3a-aa5998e63a2sm606495366b.113 - gsmtp

Debug level [3]: Connection: closed
Debug level [3]: Connection: opening to smtp.gmail.com:587, timeout=300, options=array (
  'ssl' => 
  array (
    'verify_peer' => false,
    'verify_peer_name' => false,
    'allow_self_signed' => true,
  ),
)
Debug level [3]: Connection: opened
Debug level [2]: SERVER -> CLIENT: 220 smtp.gmail.com ESMTP 4fb4d7f45d1cf-5d0e75a2315sm2517295a12.39 - gsmtp

Debug level [1]: CLIENT -> SERVER: EHLO localhost

Debug level [2]: SERVER -> CLIENT: 250-smtp.gmail.com at your service, [164.8.206.88]
250-SIZE 35882577
250-8BITMIME
250-STARTTLS
250-ENHANCEDSTATUSCODES
250-PIPELINING
250 SMTPUTF8

Debug level [1]: CLIENT -> SERVER: STARTTLS

Debug level [2]: SERVER -> CLIENT: 220 2.0.0 Ready to start TLS

Debug level [1]: CLIENT -> SERVER: EHLO localhost

Debug level [2]: SERVER -> CLIENT: 250-smtp.gmail.com at your service, [164.8.206.88]
250-SIZE 35882577
250-8BITMIME
250-AUTH LOGIN PLAIN XOAUTH2 PLAIN-CLIENTTOKEN OAUTHBEARER XOAUTH
250-ENHANCEDSTATUSCODES
250-PIPELINING
250 SMTPUTF8

Debug level [1]: CLIENT -> SERVER: AUTH LOGIN

Debug level [2]: SERVER -> CLIENT: 334 VXNlcm5hbWU6

Debug level [1]: CLIENT -> SERVER: [credentials hidden]
Debug level [2]: SERVER -> CLIENT: 334 UGFzc3dvcmQ6

Debug level [1]: CLIENT -> SERVER: [credentials hidden]
Debug level [2]: SERVER -> CLIENT: 235 2.7.0 Accepted

Debug level [1]: CLIENT -> SERVER: MAIL FROM:<seznamOpravil@so.si>

Debug level [2]: SERVER -> CLIENT: 250 2.1.0 OK 4fb4d7f45d1cf-5d0e75a2315sm2517295a12.39 - gsmtp

Debug level [1]: CLIENT -> SERVER: RCPT TO:<carluka33@gmail.com>

Debug level [2]: SERVER -> CLIENT: 250 2.1.5 OK 4fb4d7f45d1cf-5d0e75a2315sm2517295a12.39 - gsmtp

Debug level [1]: CLIENT -> SERVER: DATA

Debug level [2]: SERVER -> CLIENT: 354 Go ahead 4fb4d7f45d1cf-5d0e75a2315sm2517295a12.39 - gsmtp

Debug level [1]: CLIENT -> SERVER: Date: Tue, 3 Dec 2024 12:16:27 +0000

Debug level [1]: CLIENT -> SERVER: To: janez novak <carluka33@gmail.com>

Debug level [1]: CLIENT -> SERVER: From: Seznam Opravil <seznamOpravil@so.si>

Debug level [1]: CLIENT -> SERVER: Subject: =?UTF-8?Q?Uspe=C5=A1na_registracija?=

Debug level [1]: CLIENT -> SERVER: Message-ID: <BB5SaPCjIJ1eMz9Irv48zLnFmT6zwgk0f0BLty5MLo@localhost>

Debug level [1]: CLIENT -> SERVER: X-Mailer: PHPMailer 6.9.3 (https://github.com/PHPMailer/PHPMailer)

Debug level [1]: CLIENT -> SERVER: MIME-Version: 1.0

Debug level [1]: CLIENT -> SERVER: Content-Type: multipart/alternative;

Debug level [1]: CLIENT -> SERVER:  boundary="b1=_BB5SaPCjIJ1eMz9Irv48zLnFmT6zwgk0f0BLty5MLo"

Debug level [1]: CLIENT -> SERVER: Content-Transfer-Encoding: 8bit

Debug level [1]: CLIENT -> SERVER: 

Debug level [1]: CLIENT -> SERVER: --b1=_BB5SaPCjIJ1eMz9Irv48zLnFmT6zwgk0f0BLty5MLo

Debug level [1]: CLIENT -> SERVER: Content-Type: text/plain; charset=UTF-8

Debug level [1]: CLIENT -> SERVER: Content-Transfer-Encoding: 8bit

Debug level [1]: CLIENT -> SERVER: 

Debug level [1]: CLIENT -> SERVER: janez novak, Uspešna registracija

Debug level [1]: CLIENT -> SERVER: 

Debug level [1]: CLIENT -> SERVER: --b1=_BB5SaPCjIJ1eMz9Irv48zLnFmT6zwgk0f0BLty5MLo

Debug level [1]: CLIENT -> SERVER: Content-Type: text/html; charset=UTF-8

Debug level [1]: CLIENT -> SERVER: Content-Transfer-Encoding: 8bit

Debug level [1]: CLIENT -> SERVER: 

Debug level [1]: CLIENT -> SERVER: 

Debug level [1]: CLIENT -> SERVER:                 <p>Spoštovani janez novak,</p>

Debug level [1]: CLIENT -> SERVER:                 <p>Vaša registracija v aplikacijo <strong>Seznam Opravil</strong> je bila uspešna.</p>

Debug level [1]: CLIENT -> SERVER:                 <p>Za dostop do aplikacije uporabite svoj e-poštni naslov in geslo, ki ste ga določili ob registraciji.</p>

Debug level [1]: CLIENT -> SERVER:                 <p>Če imate kakršna koli vprašanja ali potrebujete pomoč, nas lahko kontaktirate na <a href='mailto:support@so.si'>support@so.si</a>.</p>

Debug level [1]: CLIENT -> SERVER:                 <p>Hvala, ker ste se pridružili naši skupnosti!</p>

Debug level [1]: CLIENT -> SERVER: 

Debug level [1]: CLIENT -> SERVER:             

Debug level [1]: CLIENT -> SERVER: 

Debug level [1]: CLIENT -> SERVER: 

Debug level [1]: CLIENT -> SERVER: --b1=_BB5SaPCjIJ1eMz9Irv48zLnFmT6zwgk0f0BLty5MLo--

Debug level [1]: CLIENT -> SERVER: 

Debug level [1]: CLIENT -> SERVER: .

Debug level [2]: SERVER -> CLIENT: 250 2.0.0 OK  1733228188 4fb4d7f45d1cf-5d0e75a2315sm2517295a12.39 - gsmtp

Debug level [1]: CLIENT -> SERVER: QUIT

Debug level [2]: SERVER -> CLIENT: 221 2.0.0 closing connection 4fb4d7f45d1cf-5d0e75a2315sm2517295a12.39 - gsmtp

Debug level [3]: Connection: closed
Debug level [3]: Connection: opening to smtp.gmail.com:587, timeout=300, options=array (
  'ssl' => 
  array (
    'verify_peer' => false,
    'verify_peer_name' => false,
    'allow_self_signed' => true,
  ),
)
Debug level [3]: Connection: opened
Debug level [2]: SERVER -> CLIENT: 220 smtp.gmail.com ESMTP 4fb4d7f45d1cf-5d097d9f6b6sm5994969a12.2 - gsmtp

Debug level [1]: CLIENT -> SERVER: EHLO localhost

Debug level [2]: SERVER -> CLIENT: 250-smtp.gmail.com at your service, [164.8.206.88]
250-SIZE 35882577
250-8BITMIME
250-STARTTLS
250-ENHANCEDSTATUSCODES
250-PIPELINING
250 SMTPUTF8

Debug level [1]: CLIENT -> SERVER: STARTTLS

Debug level [2]: SERVER -> CLIENT: 220 2.0.0 Ready to start TLS

Debug level [1]: CLIENT -> SERVER: EHLO localhost

Debug level [2]: SERVER -> CLIENT: 250-smtp.gmail.com at your service, [164.8.206.88]
250-SIZE 35882577
250-8BITMIME
250-AUTH LOGIN PLAIN XOAUTH2 PLAIN-CLIENTTOKEN OAUTHBEARER XOAUTH
250-ENHANCEDSTATUSCODES
250-PIPELINING
250 SMTPUTF8

Debug level [1]: CLIENT -> SERVER: AUTH LOGIN

Debug level [2]: SERVER -> CLIENT: 334 VXNlcm5hbWU6

Debug level [1]: CLIENT -> SERVER: [credentials hidden]
Debug level [2]: SERVER -> CLIENT: 334 UGFzc3dvcmQ6

Debug level [1]: CLIENT -> SERVER: [credentials hidden]
Debug level [2]: SERVER -> CLIENT: 235 2.7.0 Accepted

Debug level [1]: CLIENT -> SERVER: MAIL FROM:<seznamOpravil@so.si>

Debug level [2]: SERVER -> CLIENT: 250 2.1.0 OK 4fb4d7f45d1cf-5d097d9f6b6sm5994969a12.2 - gsmtp

Debug level [1]: CLIENT -> SERVER: RCPT TO:<carluka33@gmail.com>

Debug level [2]: SERVER -> CLIENT: 250 2.1.5 OK 4fb4d7f45d1cf-5d097d9f6b6sm5994969a12.2 - gsmtp

Debug level [1]: CLIENT -> SERVER: DATA

Debug level [2]: SERVER -> CLIENT: 354 Go ahead 4fb4d7f45d1cf-5d097d9f6b6sm5994969a12.2 - gsmtp

Debug level [1]: CLIENT -> SERVER: Date: Tue, 3 Dec 2024 12:18:15 +0000

Debug level [1]: CLIENT -> SERVER: To: janez novak <carluka33@gmail.com>

Debug level [1]: CLIENT -> SERVER: From: Seznam Opravil <seznamOpravil@so.si>

Debug level [1]: CLIENT -> SERVER: Subject: =?UTF-8?Q?Uspe=C5=A1na_registracija?=

Debug level [1]: CLIENT -> SERVER: Message-ID: <98nP73x4aUb3uJVk8wLe7jxjAvImFMJWGtFKRi567N8@localhost>

Debug level [1]: CLIENT -> SERVER: X-Mailer: PHPMailer 6.9.3 (https://github.com/PHPMailer/PHPMailer)

Debug level [1]: CLIENT -> SERVER: MIME-Version: 1.0

Debug level [1]: CLIENT -> SERVER: Content-Type: multipart/alternative;

Debug level [1]: CLIENT -> SERVER:  boundary="b1=_98nP73x4aUb3uJVk8wLe7jxjAvImFMJWGtFKRi567N8"

Debug level [1]: CLIENT -> SERVER: Content-Transfer-Encoding: 8bit

Debug level [1]: CLIENT -> SERVER: 

Debug level [1]: CLIENT -> SERVER: --b1=_98nP73x4aUb3uJVk8wLe7jxjAvImFMJWGtFKRi567N8

Debug level [1]: CLIENT -> SERVER: Content-Type: text/plain; charset=UTF-8

Debug level [1]: CLIENT -> SERVER: Content-Transfer-Encoding: 8bit

Debug level [1]: CLIENT -> SERVER: 

Debug level [1]: CLIENT -> SERVER: janez novak, Uspešna registracija

Debug level [1]: CLIENT -> SERVER: 

Debug level [1]: CLIENT -> SERVER: --b1=_98nP73x4aUb3uJVk8wLe7jxjAvImFMJWGtFKRi567N8

Debug level [1]: CLIENT -> SERVER: Content-Type: text/html; charset=UTF-8

Debug level [1]: CLIENT -> SERVER: Content-Transfer-Encoding: 8bit

Debug level [1]: CLIENT -> SERVER: 

Debug level [1]: CLIENT -> SERVER: 

Debug level [1]: CLIENT -> SERVER:                 <p>Spoštovani janez novak,</p>

Debug level [1]: CLIENT -> SERVER:                 <p>Vaša registracija v aplikacijo <strong>Seznam Opravil</strong> je bila uspešna.</p>

Debug level [1]: CLIENT -> SERVER:                 <p>Za dostop do aplikacije uporabite svoj e-poštni naslov in geslo, ki ste ga določili ob registraciji.</p>

Debug level [1]: CLIENT -> SERVER:                 <p>Če imate kakršna koli vprašanja ali potrebujete pomoč, nas lahko kontaktirate na <a href='mailto:support@so.si'>support@so.si</a>.</p>

Debug level [1]: CLIENT -> SERVER:                 <p>Hvala, ker ste se pridružili naši skupnosti!</p>

Debug level [1]: CLIENT -> SERVER: 

Debug level [1]: CLIENT -> SERVER:             

Debug level [1]: CLIENT -> SERVER: 

Debug level [1]: CLIENT -> SERVER: 

Debug level [1]: CLIENT -> SERVER: --b1=_98nP73x4aUb3uJVk8wLe7jxjAvImFMJWGtFKRi567N8--

Debug level [1]: CLIENT -> SERVER: 

Debug level [1]: CLIENT -> SERVER: .

Debug level [2]: SERVER -> CLIENT: 250 2.0.0 OK  1733228296 4fb4d7f45d1cf-5d097d9f6b6sm5994969a12.2 - gsmtp

Debug level [1]: CLIENT -> SERVER: QUIT

Debug level [2]: SERVER -> CLIENT: 221 2.0.0 closing connection 4fb4d7f45d1cf-5d097d9f6b6sm5994969a12.2 - gsmtp

Debug level [3]: Connection: closed
Debug level [3]: Connection: opening to smtp.gmail.com:587, timeout=300, options=array (
  'ssl' => 
  array (
    'verify_peer' => false,
    'verify_peer_name' => false,
    'allow_self_signed' => true,
  ),
)
Debug level [3]: Connection: opened
Debug level [2]: SERVER -> CLIENT: 220 smtp.gmail.com ESMTP 4fb4d7f45d1cf-5d097dd6401sm6026163a12.38 - gsmtp

Debug level [1]: CLIENT -> SERVER: EHLO localhost

Debug level [2]: SERVER -> CLIENT: 250-smtp.gmail.com at your service, [164.8.206.88]
250-SIZE 35882577
250-8BITMIME
250-STARTTLS
250-ENHANCEDSTATUSCODES
250-PIPELINING
250 SMTPUTF8

Debug level [1]: CLIENT -> SERVER: STARTTLS

Debug level [2]: SERVER -> CLIENT: 220 2.0.0 Ready to start TLS

Debug level [1]: CLIENT -> SERVER: EHLO localhost

Debug level [2]: SERVER -> CLIENT: 250-smtp.gmail.com at your service, [164.8.206.88]
250-SIZE 35882577
250-8BITMIME
250-AUTH LOGIN PLAIN XOAUTH2 PLAIN-CLIENTTOKEN OAUTHBEARER XOAUTH
250-ENHANCEDSTATUSCODES
250-PIPELINING
250 SMTPUTF8

Debug level [1]: CLIENT -> SERVER: AUTH LOGIN

Debug level [2]: SERVER -> CLIENT: 334 VXNlcm5hbWU6

Debug level [1]: CLIENT -> SERVER: [credentials hidden]
Debug level [2]: SERVER -> CLIENT: 334 UGFzc3dvcmQ6

Debug level [1]: CLIENT -> SERVER: [credentials hidden]
Debug level [2]: SERVER -> CLIENT: 235 2.7.0 Accepted

Debug level [1]: CLIENT -> SERVER: MAIL FROM:<seznamOpravil@so.si>

Debug level [2]: SERVER -> CLIENT: 250 2.1.0 OK 4fb4d7f45d1cf-5d097dd6401sm6026163a12.38 - gsmtp

Debug level [1]: CLIENT -> SERVER: RCPT TO:<carluka33@gmail.com>

Debug level [2]: SERVER -> CLIENT: 250 2.1.5 OK 4fb4d7f45d1cf-5d097dd6401sm6026163a12.38 - gsmtp

Debug level [1]: CLIENT -> SERVER: DATA

Debug level [2]: SERVER -> CLIENT: 354 Go ahead 4fb4d7f45d1cf-5d097dd6401sm6026163a12.38 - gsmtp

Debug level [1]: CLIENT -> SERVER: Date: Tue, 3 Dec 2024 12:19:48 +0000

Debug level [1]: CLIENT -> SERVER: To: foiasj fdapmf <carluka33@gmail.com>

Debug level [1]: CLIENT -> SERVER: From: Seznam Opravil <seznamOpravil@so.si>

Debug level [1]: CLIENT -> SERVER: Subject: =?UTF-8?Q?Uspe=C5=A1na_registracija?=

Debug level [1]: CLIENT -> SERVER: Message-ID: <RENC4srZDx2ymdrFmyDl8nXrVRuCO1uB2J8sAYzMIH8@localhost>

Debug level [1]: CLIENT -> SERVER: X-Mailer: PHPMailer 6.9.3 (https://github.com/PHPMailer/PHPMailer)

Debug level [1]: CLIENT -> SERVER: MIME-Version: 1.0

Debug level [1]: CLIENT -> SERVER: Content-Type: multipart/alternative;

Debug level [1]: CLIENT -> SERVER:  boundary="b1=_RENC4srZDx2ymdrFmyDl8nXrVRuCO1uB2J8sAYzMIH8"

Debug level [1]: CLIENT -> SERVER: Content-Transfer-Encoding: 8bit

Debug level [1]: CLIENT -> SERVER: 

Debug level [1]: CLIENT -> SERVER: --b1=_RENC4srZDx2ymdrFmyDl8nXrVRuCO1uB2J8sAYzMIH8

Debug level [1]: CLIENT -> SERVER: Content-Type: text/plain; charset=UTF-8

Debug level [1]: CLIENT -> SERVER: Content-Transfer-Encoding: 8bit

Debug level [1]: CLIENT -> SERVER: 

Debug level [1]: CLIENT -> SERVER: foiasj fdapmf, Uspešna registracija

Debug level [1]: CLIENT -> SERVER: 

Debug level [1]: CLIENT -> SERVER: --b1=_RENC4srZDx2ymdrFmyDl8nXrVRuCO1uB2J8sAYzMIH8

Debug level [1]: CLIENT -> SERVER: Content-Type: text/html; charset=UTF-8

Debug level [1]: CLIENT -> SERVER: Content-Transfer-Encoding: 8bit

Debug level [1]: CLIENT -> SERVER: 

Debug level [1]: CLIENT -> SERVER: 

Debug level [1]: CLIENT -> SERVER:                 <p>Spoštovani foiasj fdapmf,</p>

Debug level [1]: CLIENT -> SERVER:                 <p>Vaša registracija v aplikacijo <strong>Seznam Opravil</strong> je bila uspešna.</p>

Debug level [1]: CLIENT -> SERVER:                 <p>Za dostop do aplikacije uporabite svoj e-poštni naslov in geslo, ki ste ga določili ob registraciji.</p>

Debug level [1]: CLIENT -> SERVER:                 <p>Če imate kakršna koli vprašanja ali potrebujete pomoč, nas lahko kontaktirate na <a href='mailto:support@so.si'>support@so.si</a>.</p>

Debug level [1]: CLIENT -> SERVER:                 <p>Hvala, ker ste se pridružili naši skupnosti!</p>

Debug level [1]: CLIENT -> SERVER: 

Debug level [1]: CLIENT -> SERVER:             

Debug level [1]: CLIENT -> SERVER: 

Debug level [1]: CLIENT -> SERVER: 

Debug level [1]: CLIENT -> SERVER: --b1=_RENC4srZDx2ymdrFmyDl8nXrVRuCO1uB2J8sAYzMIH8--

Debug level [1]: CLIENT -> SERVER: 

Debug level [1]: CLIENT -> SERVER: .

Debug level [2]: SERVER -> CLIENT: 250 2.0.0 OK  1733228389 4fb4d7f45d1cf-5d097dd6401sm6026163a12.38 - gsmtp

Debug level [1]: CLIENT -> SERVER: QUIT

Debug level [2]: SERVER -> CLIENT: 221 2.0.0 closing connection 4fb4d7f45d1cf-5d097dd6401sm6026163a12.38 - gsmtp

Debug level [3]: Connection: closed
Debug level [3]: Connection: opening to smtp.gmail.com:587, timeout=300, options=array (
  'ssl' => 
  array (
    'verify_peer' => false,
    'verify_peer_name' => false,
    'allow_self_signed' => true,
  ),
)
Debug level [3]: Connection: opened
Debug level [2]: SERVER -> CLIENT: 220 smtp.gmail.com ESMTP a640c23a62f3a-aa5998e6fa4sm604360866b.116 - gsmtp

Debug level [1]: CLIENT -> SERVER: EHLO localhost

Debug level [2]: SERVER -> CLIENT: 250-smtp.gmail.com at your service, [164.8.162.40]
250-SIZE 35882577
250-8BITMIME
250-STARTTLS
250-ENHANCEDSTATUSCODES
250-PIPELINING
250 SMTPUTF8

Debug level [1]: CLIENT -> SERVER: STARTTLS

Debug level [2]: SERVER -> CLIENT: 220 2.0.0 Ready to start TLS

Debug level [1]: CLIENT -> SERVER: EHLO localhost

Debug level [2]: SERVER -> CLIENT: 250-smtp.gmail.com at your service, [164.8.162.40]
250-SIZE 35882577
250-8BITMIME
250-AUTH LOGIN PLAIN XOAUTH2 PLAIN-CLIENTTOKEN OAUTHBEARER XOAUTH
250-ENHANCEDSTATUSCODES
250-PIPELINING
250 SMTPUTF8

Debug level [1]: CLIENT -> SERVER: AUTH LOGIN

Debug level [2]: SERVER -> CLIENT: 334 VXNlcm5hbWU6

Debug level [1]: CLIENT -> SERVER: [credentials hidden]
Debug level [2]: SERVER -> CLIENT: 334 UGFzc3dvcmQ6

Debug level [1]: CLIENT -> SERVER: [credentials hidden]
Debug level [2]: SERVER -> CLIENT: 235 2.7.0 Accepted

Debug level [1]: CLIENT -> SERVER: MAIL FROM:<seznamOpravil@so.si>

Debug level [2]: SERVER -> CLIENT: 250 2.1.0 OK a640c23a62f3a-aa5998e6fa4sm604360866b.116 - gsmtp

Debug level [1]: CLIENT -> SERVER: RCPT TO:<carluka33@gmail.com>

Debug level [2]: SERVER -> CLIENT: 250 2.1.5 OK a640c23a62f3a-aa5998e6fa4sm604360866b.116 - gsmtp

Debug level [1]: CLIENT -> SERVER: DATA

Debug level [2]: SERVER -> CLIENT: 354 Go ahead a640c23a62f3a-aa5998e6fa4sm604360866b.116 - gsmtp

Debug level [1]: CLIENT -> SERVER: Date: Tue, 3 Dec 2024 12:46:05 +0000

Debug level [1]: CLIENT -> SERVER: To: foiasj fdapmf <carluka33@gmail.com>

Debug level [1]: CLIENT -> SERVER: From: Seznam Opravil <seznamOpravil@so.si>

Debug level [1]: CLIENT -> SERVER: Subject: =?UTF-8?Q?Uspe=C5=A1na_registracija?=

Debug level [1]: CLIENT -> SERVER: Message-ID: <7eDaTCzvhjJBHbs9r3dcJopAZNtHpSRdLHG5VPa0re0@localhost>

Debug level [1]: CLIENT -> SERVER: X-Mailer: PHPMailer 6.9.3 (https://github.com/PHPMailer/PHPMailer)

Debug level [1]: CLIENT -> SERVER: MIME-Version: 1.0

Debug level [1]: CLIENT -> SERVER: Content-Type: multipart/alternative;

Debug level [1]: CLIENT -> SERVER:  boundary="b1=_7eDaTCzvhjJBHbs9r3dcJopAZNtHpSRdLHG5VPa0re0"

Debug level [1]: CLIENT -> SERVER: Content-Transfer-Encoding: 8bit

Debug level [1]: CLIENT -> SERVER: 

Debug level [1]: CLIENT -> SERVER: --b1=_7eDaTCzvhjJBHbs9r3dcJopAZNtHpSRdLHG5VPa0re0

Debug level [1]: CLIENT -> SERVER: Content-Type: text/plain; charset=UTF-8

Debug level [1]: CLIENT -> SERVER: Content-Transfer-Encoding: 8bit

Debug level [1]: CLIENT -> SERVER: 

Debug level [1]: CLIENT -> SERVER: foiasj fdapmf, Uspešna registracija

Debug level [1]: CLIENT -> SERVER: 

Debug level [1]: CLIENT -> SERVER: --b1=_7eDaTCzvhjJBHbs9r3dcJopAZNtHpSRdLHG5VPa0re0

Debug level [1]: CLIENT -> SERVER: Content-Type: text/html; charset=UTF-8

Debug level [1]: CLIENT -> SERVER: Content-Transfer-Encoding: 8bit

Debug level [1]: CLIENT -> SERVER: 

Debug level [1]: CLIENT -> SERVER: 

Debug level [1]: CLIENT -> SERVER:                 <p>Spoštovani foiasj fdapmf,</p>

Debug level [1]: CLIENT -> SERVER:                 <p>Vaša registracija v aplikacijo <strong>Seznam Opravil</strong> je bila uspešna.</p>

Debug level [1]: CLIENT -> SERVER:                 <p>Za dostop do aplikacije uporabite svoj e-poštni naslov in geslo, ki ste ga določili ob registraciji.</p>

Debug level [1]: CLIENT -> SERVER:                 <p>Če imate kakršna koli vprašanja ali potrebujete pomoč, nas lahko kontaktirate na <a href='mailto:support@so.si'>support@so.si</a>.</p>

Debug level [1]: CLIENT -> SERVER:                 <p>Hvala, ker ste se pridružili naši skupnosti!</p>

Debug level [1]: CLIENT -> SERVER: 

Debug level [1]: CLIENT -> SERVER:             

Debug level [1]: CLIENT -> SERVER: 

Debug level [1]: CLIENT -> SERVER: 

Debug level [1]: CLIENT -> SERVER: --b1=_7eDaTCzvhjJBHbs9r3dcJopAZNtHpSRdLHG5VPa0re0--

Debug level [1]: CLIENT -> SERVER: 

Debug level [1]: CLIENT -> SERVER: .

Debug level [2]: SERVER -> CLIENT: 250 2.0.0 OK  1733229966 a640c23a62f3a-aa5998e6fa4sm604360866b.116 - gsmtp

Debug level [1]: CLIENT -> SERVER: QUIT

Debug level [2]: SERVER -> CLIENT: 221 2.0.0 closing connection a640c23a62f3a-aa5998e6fa4sm604360866b.116 - gsmtp

Debug level [3]: Connection: closed
